#separator \x09
#set_separator	,
#empty_field	(empty)
#unset_field	-
#path	ocsp
#open	2023-04-27-22-14-01
#fields	ts	id	hashAlgorithm	issuerNameHash	issuerKeyHash	serialNumber	certStatus	revoketime	revokereason	thisUpdate	nextUpdate
#types	time	string	string	string	string	string	string	time	string	time	time
1499342480.798541	FlHNA9449F08XmLqM8	sha1	74241467069FF5E0983F5E3E1A6BA0652A541575	0159ABE7DD3A0B59A66463D6CF200757D591E76A	7E91C21DE50B21746D1978FA4BDEBE48	good	-	-	1498949566.000000	1499554366.000000
1499342487.631230	F5pUqw1hmmL3gwCVq6	sha1	74241467069FF5E0983F5E3E1A6BA0652A541575	0159ABE7DD3A0B59A66463D6CF200757D591E76A	7E91C21DE50B21746D1978FA4BDEBE48	good	-	-	1498949566.000000	1499554366.000000
1499342488.702221	FkGLXe3JRSwjJ8MOsa	sha1	105FA67A80089DB5279F35CE830B43889EA3C70D	0F80611C823161D52F28E78D4638B42CE1C6D9E2	091DD4F70C7F4355522FC298BD396057	good	-	-	1499305620.000000	1499907720.000000
1499342488.716518	FrNZI72STMfwA6sCbc	sha1	105FA67A80089DB5279F35CE830B43889EA3C70D	0F80611C823161D52F28E78D4638B42CE1C6D9E2	094B3312F2DF9617295FF82F467624D0	good	-	-	1499305680.000000	1499907780.000000
1499342488.716555	FraIo44oSxQ0Yyheif	sha1	105FA67A80089DB5279F35CE830B43889EA3C70D	0F80611C823161D52F28E78D4638B42CE1C6D9E2	094B3312F2DF9617295FF82F467624D0	good	-	-	1499305680.000000	1499907780.000000
1499342488.862018	FDwfvHJDqkSqZ75La	sha1	7D14CA1E3E08269E1A333D0E0E6FF31361215EEA	25F08AE14B7AD901950AEDC653F18C781FD9F3F8	63B9EC7EFF988335F113D67D2F864D35	good	-	-	1498847259.000000	1499452059.000000
1499342488.862049	FnH1hu3MW9w54J05Mf	sha1	7D14CA1E3E08269E1A333D0E0E6FF31361215EEA	25F08AE14B7AD901950AEDC653F18C781FD9F3F8	63B9EC7EFF988335F113D67D2F864D35	good	-	-	1498847259.000000	1499452059.000000
1499342489.003129	FAiYDp4ALggTyYNg8	sha1	105FA67A80089DB5279F35CE830B43889EA3C70D	0F80611C823161D52F28E78D4638B42CE1C6D9E2	0CA9C64361BFC92A79B1DD9CFB9E48EC	good	-	-	1499299380.000000	1499901480.000000
1499342491.910188	Fl0H671wEtXQyRFN2	sha1	26102266B387FB8B911BC6D37B35BCD0081C0074	51AF24269CF468225780262B3B4662157B1ECCA5	5A0007F57D392B12DFF200500F00000007F57D	good	-	-	1499065766.000000	1499411366.000000
1499342491.956830	Fkn5uq1YcdW0oCpXG5	sha1	F2E06AF9858A1D8D709B4919237AA9B51A287E64	4ADD06161BBCF668B576F581B6BB621ABA5A812F	23FE4ED12904F9D1	good	-	-	1499284701.000000	1499889501.000000
1499342497.433824	F4yIma2W71TKTQd7oh	sha1	105FA67A80089DB5279F35CE830B43889EA3C70D	0F80611C823161D52F28E78D4638B42CE1C6D9E2	053595DDC488E3BD2185316C9E024A57	good	-	-	1499308320.000000	1499910420.000000
1499342531.423679	FBKg3z3ljLyZyORydg	sha1	74241467069FF5E0983F5E3E1A6BA0652A541575	0159ABE7DD3A0B59A66463D6CF200757D591E76A	7E91C21DE50B21746D1978FA4BDEBE48	good	-	-	1498949566.000000	1499554366.000000
1499342544.448616	FMMhwu4lJmPkqbkPj7	sha1	105FA67A80089DB5279F35CE830B43889EA3C70D	0F80611C823161D52F28E78D4638B42CE1C6D9E2	0A129AC79D151C8BF85072B0547AACF4	good	-	-	1499295060.000000	1499897160.000000
1499342544.453154	Fglcck3ug3Wrh6cWUi	sha1	105FA67A80089DB5279F35CE830B43889EA3C70D	0F80611C823161D52F28E78D4638B42CE1C6D9E2	0A129AC79D151C8BF85072B0547AACF4	good	-	-	1499295060.000000	1499897160.000000
1499342561.067298	FQ2LqT1QBc9ho0lLMc	sha1	26102266B387FB8B911BC6D37B35BCD0081C0074	51AF24269CF468225780262B3B4662157B1ECCA5	5A000946CA078431B38ED1700C0000000946CA	good	-	-	1499242200.000000	1499587800.000000
1499342583.909284	FUgQjI3NNJQtGqkaG8	sha1	CEA633847FA2C6D73E768EA031C03953C6868E0A	40096167F0BC83714FDE12082C6FD4D42B763D96	E1F59577B970A142693CBDBFADCD8A0B	good	-	-	1498966356.000000	1499571156.000000
1499342584.007353	FTWAE8VCmirWsm5F1	sha1	105FA67A80089DB5279F35CE830B43889EA3C70D	0F80611C823161D52F28E78D4638B42CE1C6D9E2	037ABF10E3681A84A5AE885FB4F2BC2D	good	-	-	1499304540.000000	1499906640.000000
1499342586.363971	F8MO1J1P2ylEpu5n7a	sha1	105FA67A80089DB5279F35CE830B43889EA3C70D	0F80611C823161D52F28E78D4638B42CE1C6D9E2	091DD4F70C7F4355522FC298BD396057	good	-	-	1499305620.000000	1499907720.000000
1499342586.363975	FQvb7036sU2mvmXFaa	sha1	105FA67A80089DB5279F35CE830B43889EA3C70D	0F80611C823161D52F28E78D4638B42CE1C6D9E2	094B3312F2DF9617295FF82F467624D0	good	-	-	1499305680.000000	1499907780.000000
1499342586.363988	F8Tu3m0TnZqcozXC5	sha1	105FA67A80089DB5279F35CE830B43889EA3C70D	0F80611C823161D52F28E78D4638B42CE1C6D9E2	094B3312F2DF9617295FF82F467624D0	good	-	-	1499305680.000000	1499907780.000000
1499342586.364171	FfpPm524ZFQvZjYMKb	sha1	105FA67A80089DB5279F35CE830B43889EA3C70D	0F80611C823161D52F28E78D4638B42CE1C6D9E2	091DD4F70C7F4355522FC298BD396057	good	-	-	1499305620.000000	1499907720.000000
1499342586.847376	FQ1Rln3zHp7tD6bUjk	sha1	F2E06AF9858A1D8D709B4919237AA9B51A287E64	4ADD06161BBCF668B576F581B6BB621ABA5A812F	308C78E6519AE711	good	-	-	1499284566.000000	1499889366.000000
1499342586.864775	FbdHrglYfIWKfo1F2	sha1	105FA67A80089DB5279F35CE830B43889EA3C70D	0F80611C823161D52F28E78D4638B42CE1C6D9E2	0CA9C64361BFC92A79B1DD9CFB9E48EC	good	-	-	1499299380.000000	1499901480.000000
1499342586.894248	FF2tFn7s7aNCdklec	sha1	105FA67A80089DB5279F35CE830B43889EA3C70D	0F80611C823161D52F28E78D4638B42CE1C6D9E2	0CA9C64361BFC92A79B1DD9CFB9E48EC	good	-	-	1499299380.000000	1499901480.000000
1499342587.032561	FGEZN44oQe3ENgaIT1	sha1	F2E06AF9858A1D8D709B4919237AA9B51A287E64	4ADD06161BBCF668B576F581B6BB621ABA5A812F	0CC5FF9E7F901B22	good	-	-	1499284642.000000	1499889442.000000
1499342587.032565	FX8V76f9TWUt7H97h	sha1	F2E06AF9858A1D8D709B4919237AA9B51A287E64	4ADD06161BBCF668B576F581B6BB621ABA5A812F	0CC5FF9E7F901B22	good	-	-	1499284642.000000	1499889442.000000
1499342587.243305	F9bNxl1xix4uwdGox8	sha1	CF26F518FAC97E8F8CB342E01C2F6A109E8E5F0A	5168FF90AF0207753CCCD9656462A212B859723B	0137395818FE1B53511A572233D5998D	good	-	-	1499235360.000000	1499837460.000000
1499342587.550401	FTT0KXiq52SxQOxL6	sha1	F2E06AF9858A1D8D709B4919237AA9B51A287E64	4ADD06161BBCF668B576F581B6BB621ABA5A812F	3D37EDE10150020D	good	-	-	1499284712.000000	1499889512.000000
1499342587.564756	Fdtyfy3Dj1dEa8BdN4	sha1	CF26F518FAC97E8F8CB342E01C2F6A109E8E5F0A	5168FF90AF0207753CCCD9656462A212B859723B	083C2D69665758D65D0B88A034601517	good	-	-	1499312640.000000	1499914740.000000
1499342587.595675	FndbAV1loRKG41n0Mh	sha1	105FA67A80089DB5279F35CE830B43889EA3C70D	0F80611C823161D52F28E78D4638B42CE1C6D9E2	0DAC496989D6AE912D24A604A6962E6D	good	-	-	1499303220.000000	1499905320.000000
1499342587.595883	F1fDet2js8D86wax79	sha1	105FA67A80089DB5279F35CE830B43889EA3C70D	0F80611C823161D52F28E78D4638B42CE1C6D9E2	0DAC496989D6AE912D24A604A6962E6D	good	-	-	1499303220.000000	1499905320.000000
1499342587.627644	FGfqWJ3DDzO7dGCXYd	sha1	F2E06AF9858A1D8D709B4919237AA9B51A287E64	4ADD06161BBCF668B576F581B6BB621ABA5A812F	3D37EDE10150020D	good	-	-	1499263114.000000	1499867914.000000
1499342587.662659	FOwuoxl0LTA1JNlS6	sha1	DFAA12E328B1094193E29F4282CE4740429558A3	B13EC36903F8BF4701D498261A0802EF63642BC3	0C79A944B08C11952092615FE26B1D83	good	-	-	1499272200.000000	1499877000.000000
1499342587.668452	FwCC4V6uOF3qPvtgk	sha1	F2E06AF9858A1D8D709B4919237AA9B51A287E64	4ADD06161BBCF668B576F581B6BB621ABA5A812F	23FE4ED12904F9D1	good	-	-	1499263103.000000	1499867903.000000
1499342587.668767	FyKzoT1TbS2QBu8lp	sha1	F2E06AF9858A1D8D709B4919237AA9B51A287E64	4ADD06161BBCF668B576F581B6BB621ABA5A812F	23FE4ED12904F9D1	good	-	-	1499284701.000000	1499889501.000000
1499342587.684660	FZqCDNgFwIpdmLZUa	sha1	F2E06AF9858A1D8D709B4919237AA9B51A287E64	4ADD06161BBCF668B576F581B6BB621ABA5A812F	42B54FE8EE1CBBD8	good	-	-	1499284619.000000	1499889419.000000
1499342587.690900	FiK6ji16rkgGxveCXg	sha1	49F4BD8A18BF760698C5DE402D683B716AE4E686	3DD350A5D6A0ADEEF34A600A65D321D4F8F8D60F	0C59A98CBEE0B63A5649CBCC4B572D18	good	-	-	1499299260.000000	1499901360.000000
1499342587.694554	FAKn8z1SYFWWVQ7Mme	sha1	F2E06AF9858A1D8D709B4919237AA9B51A287E64	4ADD06161BBCF668B576F581B6BB621ABA5A812F	42B54FE8EE1CBBD8	good	-	-	1499284619.000000	1499889419.000000
1499342587.704587	FlwDj54JWEAKTG9nn7	sha1	49F4BD8A18BF760698C5DE402D683B716AE4E686	3DD350A5D6A0ADEEF34A600A65D321D4F8F8D60F	0C59A98CBEE0B63A5649CBCC4B572D18	good	-	-	1499299260.000000	1499901360.000000
1499342587.784811	FypXyY3ur9omEhvMzf	sha1	49F4BD8A18BF760698C5DE402D683B716AE4E686	3DD350A5D6A0ADEEF34A600A65D321D4F8F8D60F	0D28AA10B39842A135E8A10EA7C265AE	good	-	-	1499303040.000000	1499905140.000000
1499342587.833584	F39Xam27nPgBUj9C4c	sha1	CF26F518FAC97E8F8CB342E01C2F6A109E8E5F0A	5168FF90AF0207753CCCD9656462A212B859723B	0785D159E5D57578655670260AF98E54	good	-	-	1499301720.000000	1499903820.000000
1499342587.833587	FagXVM3G4FGGN4DtYk	sha1	CF26F518FAC97E8F8CB342E01C2F6A109E8E5F0A	5168FF90AF0207753CCCD9656462A212B859723B	0785D159E5D57578655670260AF98E54	good	-	-	1499301720.000000	1499903820.000000
1499342587.867288	FNNQGk3Zq2RXscPpVe	sha1	F2E06AF9858A1D8D709B4919237AA9B51A287E64	4ADD06161BBCF668B576F581B6BB621ABA5A812F	2B616C5111FFBF7D	good	-	-	1499284640.000000	1499889440.000000
1499342587.867288	FRqOYY28qROHRJ6QLg	sha1	F2E06AF9858A1D8D709B4919237AA9B51A287E64	4ADD06161BBCF668B576F581B6BB621ABA5A812F	2B616C5111FFBF7D	good	-	-	1499284640.000000	1499889440.000000
1499342587.950111	FY9d664FsVeoi40wN3	sha1	F2E06AF9858A1D8D709B4919237AA9B51A287E64	4ADD06161BBCF668B576F581B6BB621ABA5A812F	0118F044A8F31892	good	-	-	1499284723.000000	1499889523.000000
1499342587.967500	FLGvV13g06mGcOe1nj	sha1	F2E06AF9858A1D8D709B4919237AA9B51A287E64	4ADD06161BBCF668B576F581B6BB621ABA5A812F	0118F044A8F31892	good	-	-	1499284723.000000	1499889523.000000
1499342587.967958	FnLcN43B3PwsLHdTkb	sha1	F2E06AF9858A1D8D709B4919237AA9B51A287E64	4ADD06161BBCF668B576F581B6BB621ABA5A812F	0118F044A8F31892	good	-	-	1499284723.000000	1499889523.000000
1499342588.107573	FgugBr35yZoPHT5qs	sha1	105FA67A80089DB5279F35CE830B43889EA3C70D	0F80611C823161D52F28E78D4638B42CE1C6D9E2	0563B6967B29A9FA18D8C459EBD1E764	good	-	-	1499265120.000000	1499867220.000000
1499342588.151442	FlAGNz2pG3PeIPlVta	sha1	105FA67A80089DB5279F35CE830B43889EA3C70D	0F80611C823161D52F28E78D4638B42CE1C6D9E2	0CA9C64361BFC92A79B1DD9CFB9E48EC	good	-	-	1499299380.000000	1499901480.000000
1499342588.306249	FR2kmo3gsNm3Avpyak	sha1	F2E06AF9858A1D8D709B4919237AA9B51A287E64	4ADD06161BBCF668B576F581B6BB621ABA5A812F	0CC5FF9E7F901B22	good	-	-	1499284642.000000	1499889442.000000
1499342588.358903	F0s0U72AW90zoKpvyl	sha1	F2E06AF9858A1D8D709B4919237AA9B51A287E64	4ADD06161BBCF668B576F581B6BB621ABA5A812F	0CC5FF9E7F901B22	good	-	-	1499284642.000000	1499889442.000000
1499342588.360795	F3y4sU3cgVjZXV6Yhk	sha1	F2E06AF9858A1D8D709B4919237AA9B51A287E64	4ADD06161BBCF668B576F581B6BB621ABA5A812F	0CC5FF9E7F901B22	good	-	-	1499263044.000000	1499867844.000000
1499342588.365395	FMTcl3fmOWOZplLsl	sha1	F2E06AF9858A1D8D709B4919237AA9B51A287E64	4ADD06161BBCF668B576F581B6BB621ABA5A812F	0CC5FF9E7F901B22	good	-	-	1499263044.000000	1499867844.000000
1499342588.393824	FFD93XfRuVuijJhug	sha1	F2E06AF9858A1D8D709B4919237AA9B51A287E64	4ADD06161BBCF668B576F581B6BB621ABA5A812F	0CC5FF9E7F901B22	good	-	-	1499284642.000000	1499889442.000000
1499342588.644795	FXRZf72xdliMr9poxh	sha1	CF26F518FAC97E8F8CB342E01C2F6A109E8E5F0A	5168FF90AF0207753CCCD9656462A212B859723B	0C0099B7D789C9F66626317EBCEA7C1C	good	-	-	1499299140.000000	1499901240.000000
1499342588.730048	FJMkvs2C9PkiP6y4C1	sha1	CF26F518FAC97E8F8CB342E01C2F6A109E8E5F0A	5168FF90AF0207753CCCD9656462A212B859723B	044C71FF9E2B2C3A3A7D037EA164B03B	good	-	-	1499293680.000000	1499895780.000000
1499342588.805350	FDd2Yg4m7WWPJToK1e	sha1	105FA67A80089DB5279F35CE830B43889EA3C70D	0F80611C823161D52F28E78D4638B42CE1C6D9E2	0861C0B409128EB6DB52F73B182924CB	good	-	-	1499291040.000000	1499893140.000000
1499342588.805558	FsZ2Xyc00cEMb0ERj	sha1	105FA67A80089DB5279F35CE830B43889EA3C70D	0F80611C823161D52F28E78D4638B42CE1C6D9E2	0861C0B409128EB6DB52F73B182924CB	good	-	-	1499312700.000000	1499914800.000000
1499342589.365552	FuS74g44i8vbMhRp4i	sha1	B6080D5F6C6B76EB13E438A5F8660BA85233344E	40C2BD278ECC348330A233D7FB6CB3F0B42C80CE	E282802769F2DD9D	good	-	-	1499318014.000000	1499447614.000000
1499342589.366033	FXLxCP3mSiaRunvlq4	sha1	B6080D5F6C6B76EB13E438A5F8660BA85233344E	40C2BD278ECC348330A233D7FB6CB3F0B42C80CE	E282802769F2DD9D	good	-	-	1499318014.000000	1499447614.000000
1499342590.148068	FNLVZ34aaZzskvTbac	sha1	F2E06AF9858A1D8D709B4919237AA9B51A287E64	4ADD06161BBCF668B576F581B6BB621ABA5A812F	183399934C283B80	good	-	-	1499284714.000000	1499889514.000000
1499342590.149613	F5duemIgHfafcVspd	sha1	F2E06AF9858A1D8D709B4919237AA9B51A287E64	4ADD06161BBCF668B576F581B6BB621ABA5A812F	183399934C283B80	good	-	-	1499284714.000000	1499889514.000000
1499342590.169861	FUTYhl2iynkiL7WWHe	sha1	105FA67A80089DB5279F35CE830B43889EA3C70D	0F80611C823161D52F28E78D4638B42CE1C6D9E2	0AD29BD9762566A7C81C21FBC76A30BF	good	-	-	1499295240.000000	1499897340.000000
1499342594.088755	FGknzAwl0f3WahcV2	sha1	105FA67A80089DB5279F35CE830B43889EA3C70D	0F80611C823161D52F28E78D4638B42CE1C6D9E2	053595DDC488E3BD2185316C9E024A57	good	-	-	1499308320.000000	1499910420.000000
1499342638.329689	FPothi4gvHikSiUiS8	sha1	105FA67A80089DB5279F35CE830B43889EA3C70D	0F80611C823161D52F28E78D4638B42CE1C6D9E2	0A129AC79D151C8BF85072B0547AACF4	good	-	-	1499295060.000000	1499897160.000000
1499342638.361237	F0GPBk3CTVcK4iJf6	sha1	105FA67A80089DB5279F35CE830B43889EA3C70D	0F80611C823161D52F28E78D4638B42CE1C6D9E2	0A129AC79D151C8BF85072B0547AACF4	good	-	-	1499295060.000000	1499897160.000000
1499342638.361240	Fp0UUS2kCxGOFmeGi4	sha1	105FA67A80089DB5279F35CE830B43889EA3C70D	0F80611C823161D52F28E78D4638B42CE1C6D9E2	0A129AC79D151C8BF85072B0547AACF4	good	-	-	1499295060.000000	1499897160.000000
1499342638.386217	FoaNCJ3AagqSpHb6m3	sha1	105FA67A80089DB5279F35CE830B43889EA3C70D	0F80611C823161D52F28E78D4638B42CE1C6D9E2	0A129AC79D151C8BF85072B0547AACF4	good	-	-	1499295060.000000	1499897160.000000
1499342642.317805	Fhhh6d0XwtSXFirVi	sha1	105FA67A80089DB5279F35CE830B43889EA3C70D	0F80611C823161D52F28E78D4638B42CE1C6D9E2	07D50DC7F368982FAB5E19B9C5FBA15C	good	-	-	1499301780.000000	1499903880.000000
1499342643.426575	Fh4GuP3vM8azzMe8f2	sha1	F2E06AF9858A1D8D709B4919237AA9B51A287E64	4ADD06161BBCF668B576F581B6BB621ABA5A812F	2B275BCB4B559078	good	-	-	1499284615.000000	1499889415.000000
1499342674.271436	FgLcO64Gm7ksB0ccCa	sha1	105FA67A80089DB5279F35CE830B43889EA3C70D	0F80611C823161D52F28E78D4638B42CE1C6D9E2	091DD4F70C7F4355522FC298BD396057	good	-	-	1499305620.000000	1499907720.000000
1499342674.304268	FXCslX1aJ3PaSIWAqc	sha1	105FA67A80089DB5279F35CE830B43889EA3C70D	0F80611C823161D52F28E78D4638B42CE1C6D9E2	094B3312F2DF9617295FF82F467624D0	good	-	-	1499305680.000000	1499907780.000000
1499342674.491965	FqIY0b2mEwaoA6fynl	sha1	7AE13EE8A0C42A2CB428CBE7A605461940E2A1E9	90AF6A3A945A0BD890EA125673DF43B43A28DAE7	42D06D3E5262E7038F469B5E5A0F864E	good	-	-	1499169829.000000	1499774629.000000
1499342674.533362	FJI7At47X8rhirfXta	sha1	105FA67A80089DB5279F35CE830B43889EA3C70D	0F80611C823161D52F28E78D4638B42CE1C6D9E2	0CA9C64361BFC92A79B1DD9CFB9E48EC	good	-	-	1499299380.000000	1499901480.000000
1499342674.533611	FQJ3Xd4mXKZX1s8Dqh	sha1	105FA67A80089DB5279F35CE830B43889EA3C70D	0F80611C823161D52F28E78D4638B42CE1C6D9E2	0CA9C64361BFC92A79B1DD9CFB9E48EC	good	-	-	1499299380.000000	1499901480.000000
1499342676.029560	FRsPKg2tUzqoOetHfj	sha1	F2E06AF9858A1D8D709B4919237AA9B51A287E64	4ADD06161BBCF668B576F581B6BB621ABA5A812F	0CC5FF9E7F901B22	good	-	-	1499284642.000000	1499889442.000000
1499342676.147971	FSaell25qAx4FOisF9	sha1	F2E06AF9858A1D8D709B4919237AA9B51A287E64	4ADD06161BBCF668B576F581B6BB621ABA5A812F	308C78E6519AE711	good	-	-	1499284566.000000	1499889366.000000
1499342676.148481	F0zsxq3g03WsDLEZPh	sha1	F2E06AF9858A1D8D709B4919237AA9B51A287E64	4ADD06161BBCF668B576F581B6BB621ABA5A812F	308C78E6519AE711	good	-	-	1499284566.000000	1499889366.000000
1499342676.185715	FBPXYy2EpZaWx0H12g	sha1	F2E06AF9858A1D8D709B4919237AA9B51A287E64	4ADD06161BBCF668B576F581B6BB621ABA5A812F	183399934C283B80	good	-	-	1499284714.000000	1499889514.000000
1499342676.186910	F7nBWyKz7JKp71nke	sha1	F2E06AF9858A1D8D709B4919237AA9B51A287E64	4ADD06161BBCF668B576F581B6BB621ABA5A812F	183399934C283B80	good	-	-	1499284714.000000	1499889514.000000
1499342676.499264	FiN5Ovavj2TZ8AoSd	sha1	F2E06AF9858A1D8D709B4919237AA9B51A287E64	4ADD06161BBCF668B576F581B6BB621ABA5A812F	23FE4ED12904F9D1	good	-	-	1499263103.000000	1499867903.000000
1499342676.561826	FYxVCq4bvoFbCFN85g	sha1	F2E06AF9858A1D8D709B4919237AA9B51A287E64	4ADD06161BBCF668B576F581B6BB621ABA5A812F	23FE4ED12904F9D1	good	-	-	1499284701.000000	1499889501.000000
1499342677.103009	FO5r8n1FjPQgOOpr06	sha1	F2E06AF9858A1D8D709B4919237AA9B51A287E64	4ADD06161BBCF668B576F581B6BB621ABA5A812F	42B54FE8EE1CBBD8	good	-	-	1499284619.000000	1499889419.000000
1499342677.212527	FjVEbT0cvSmTcMCTe	sha1	105FA67A80089DB5279F35CE830B43889EA3C70D	0F80611C823161D52F28E78D4638B42CE1C6D9E2	06360D9A95A5DE1B2451E8D61B7EE8CF	good	-	-	1499297760.000000	1499899860.000000
1499342677.237166	FUW2B72hb6EuzgISGk	sha1	105FA67A80089DB5279F35CE830B43889EA3C70D	0F80611C823161D52F28E78D4638B42CE1C6D9E2	06360D9A95A5DE1B2451E8D61B7EE8CF	good	-	-	1499297760.000000	1499899860.000000
1499342678.586218	FQZy991SI1hEmS1K6	sha1	DFAA12E328B1094193E29F4282CE4740429558A3	B13EC36903F8BF4701D498261A0802EF63642BC3	0C79A944B08C11952092615FE26B1D83	good	-	-	1499272200.000000	1499877000.000000
1499342678.612801	FWe6bh1wOTTuZniLbj	sha1	49F4BD8A18BF760698C5DE402D683B716AE4E686	3DD350A5D6A0ADEEF34A600A65D321D4F8F8D60F	0D28AA10B39842A135E8A10EA7C265AE	good	-	-	1499303040.000000	1499905140.000000
1499342678.774804	FTjkCj2JnZ3STO4Wck	sha1	105FA67A80089DB5279F35CE830B43889EA3C70D	0F80611C823161D52F28E78D4638B42CE1C6D9E2	0CA9C64361BFC92A79B1DD9CFB9E48EC	good	-	-	1499299380.000000	1499901480.000000
1499342683.893641	Fjqgzt4kjPsO8JmXHk	sha1	105FA67A80089DB5279F35CE830B43889EA3C70D	0F80611C823161D52F28E78D4638B42CE1C6D9E2	053595DDC488E3BD2185316C9E024A57	good	-	-	1499308320.000000	1499910420.000000
1499342699.207621	FNio291MTIrchfU0Pl	sha1	105FA67A80089DB5279F35CE830B43889EA3C70D	0F80611C823161D52F28E78D4638B42CE1C6D9E2	07D50DC7F368982FAB5E19B9C5FBA15C	good	-	-	1499301780.000000	1499903880.000000
1499342702.282317	Fg8lZv2tDtW8cj1s3	sha1	F7C4BE0B40B5C344333D3FAEB94D6E38DAFAEC51	45EBA2AFF492CB82312D518BA7A7219DF36DC80F	0409181B5FD5BB66755343B56F955008	good	-	-	1499272200.000000	1499877000.000000
1499342702.328130	Fy4UOI1cA0ykfNRUu5	sha1	A7478168C4B2E423BBE4BEC50816566DFA5187DE	5AC4B97B2A0AA3A5EA7103C060F92DF665750E58	09E65AD807B8497B0749D41568D626D0	good	-	-	1499305800.000000	1499907900.000000
1499342726.735476	Fzf9E44XlT7vOltZ3b	sha1	105FA67A80089DB5279F35CE830B43889EA3C70D	0F80611C823161D52F28E78D4638B42CE1C6D9E2	0A129AC79D151C8BF85072B0547AACF4	good	-	-	1499295060.000000	1499897160.000000
1499342726.762505	FQxF9R2bojyr9oxikk	sha1	105FA67A80089DB5279F35CE830B43889EA3C70D	0F80611C823161D52F28E78D4638B42CE1C6D9E2	0A129AC79D151C8BF85072B0547AACF4	good	-	-	1499295060.000000	1499897160.000000
1499342726.766857	FRSmSo4rypYiYHtMhg	sha1	105FA67A80089DB5279F35CE830B43889EA3C70D	0F80611C823161D52F28E78D4638B42CE1C6D9E2	0A129AC79D151C8BF85072B0547AACF4	good	-	-	1499295060.000000	1499897160.000000
1499342728.754377	FQ4ibk2uKxAQEdJOWb	sha1	49F4BD8A18BF760698C5DE402D683B716AE4E686	3DD350A5D6A0ADEEF34A600A65D321D4F8F8D60F	0F66013EDD026949DF19A464E7AAD312	good	-	-	1499307120.000000	1499909220.000000
1499342729.246050	F946ln2vO6ufPM66la	sha1	105FA67A80089DB5279F35CE830B43889EA3C70D	0F80611C823161D52F28E78D4638B42CE1C6D9E2	0441863B81E6C5BAB060B2031D1D111E	good	-	-	1499293680.000000	1499895780.000000
1499342729.282581	FhnZQj2rLZkkWJyXvk	sha1	105FA67A80089DB5279F35CE830B43889EA3C70D	0F80611C823161D52F28E78D4638B42CE1C6D9E2	0441863B81E6C5BAB060B2031D1D111E	good	-	-	1499293680.000000	1499895780.000000
1499342729.282854	FnhV0wyPnMFGTCBa5	sha1	105FA67A80089DB5279F35CE830B43889EA3C70D	0F80611C823161D52F28E78D4638B42CE1C6D9E2	0441863B81E6C5BAB060B2031D1D111E	good	-	-	1499293680.000000	1499895780.000000
1499342729.307290	Fb4S6N2ULtv22yQFck	sha1	105FA67A80089DB5279F35CE830B43889EA3C70D	0F80611C823161D52F28E78D4638B42CE1C6D9E2	0441863B81E6C5BAB060B2031D1D111E	good	-	-	1499293680.000000	1499895780.000000
1499342729.307751	F0evpjXDZsE5YKBCj	sha1	105FA67A80089DB5279F35CE830B43889EA3C70D	0F80611C823161D52F28E78D4638B42CE1C6D9E2	0441863B81E6C5BAB060B2031D1D111E	good	-	-	1499293680.000000	1499895780.000000
1499342729.720391	FCsQBq3zSg13OSrh9g	sha1	105FA67A80089DB5279F35CE830B43889EA3C70D	0F80611C823161D52F28E78D4638B42CE1C6D9E2	0CA9C64361BFC92A79B1DD9CFB9E48EC	good	-	-	1499299380.000000	1499901480.000000
1499342729.720997	F7Ynh61pdf7vaGBwDh	sha1	105FA67A80089DB5279F35CE830B43889EA3C70D	0F80611C823161D52F28E78D4638B42CE1C6D9E2	0CA9C64361BFC92A79B1DD9CFB9E48EC	good	-	-	1499299380.000000	1499901480.000000
1499342729.744363	FrUi17zuM6ViDJCKl	sha1	105FA67A80089DB5279F35CE830B43889EA3C70D	0F80611C823161D52F28E78D4638B42CE1C6D9E2	0CA9C64361BFC92A79B1DD9CFB9E48EC	good	-	-	1499299380.000000	1499901480.000000
1499342730.068770	FWiXk32Kn89uTlyzsi	sha1	105FA67A80089DB5279F35CE830B43889EA3C70D	0F80611C823161D52F28E78D4638B42CE1C6D9E2	0A28F6FC1B839BA24A241E908F05E622	good	-	-	1499295120.000000	1499897220.000000
1499342730.070334	Fin4Z7q6pyd7Hw4h9	sha1	105FA67A80089DB5279F35CE830B43889EA3C70D	0F80611C823161D52F28E78D4638B42CE1C6D9E2	0A28F6FC1B839BA24A241E908F05E622	good	-	-	1499295120.000000	1499897220.000000
1499342730.071094	Fq3eVZ2iMtzERdKXHc	sha1	105FA67A80089DB5279F35CE830B43889EA3C70D	0F80611C823161D52F28E78D4638B42CE1C6D9E2	0A28F6FC1B839BA24A241E908F05E622	good	-	-	1499295120.000000	1499897220.000000
1499342737.556601	FaGAA21Qlp4ThI0fZ	sha1	26102266B387FB8B911BC6D37B35BCD0081C0074	51AF24269CF468225780262B3B4662157B1ECCA5	5A0007F57D392B12DFF200500F00000007F57D	good	-	-	1499255382.000000	1499600982.000000
1499342738.079540	Fbkpsi3TblBbv5u3Tl	sha1	105FA67A80089DB5279F35CE830B43889EA3C70D	0F80611C823161D52F28E78D4638B42CE1C6D9E2	094B3312F2DF9617295FF82F467624D0	good	-	-	1499305680.000000	1499907780.000000
1499342738.478826	FP2fWK11iU4P0HoY0k	sha1	105FA67A80089DB5279F35CE830B43889EA3C70D	0F80611C823161D52F28E78D4638B42CE1C6D9E2	091DD4F70C7F4355522FC298BD396057	good	-	-	1499305620.000000	1499907720.000000
1499342738.502952	FlBk5C2tPeZxFVnmXd	sha1	105FA67A80089DB5279F35CE830B43889EA3C70D	0F80611C823161D52F28E78D4638B42CE1C6D9E2	091DD4F70C7F4355522FC298BD396057	good	-	-	1499305620.000000	1499907720.000000
1499342739.166623	FOQbePkFahtl6ilZc	sha1	F2E06AF9858A1D8D709B4919237AA9B51A287E64	4ADD06161BBCF668B576F581B6BB621ABA5A812F	0CC5FF9E7F901B22	good	-	-	1499263044.000000	1499867844.000000
1499342739.400276	Fi83Ak2pSJ1bTs6Zpa	sha1	F2E06AF9858A1D8D709B4919237AA9B51A287E64	4ADD06161BBCF668B576F581B6BB621ABA5A812F	23FE4ED12904F9D1	good	-	-	1499284701.000000	1499889501.000000
1499342739.675417	FminME2Kd9oHJUdzI1	sha1	105FA67A80089DB5279F35CE830B43889EA3C70D	0F80611C823161D52F28E78D4638B42CE1C6D9E2	0CA9C64361BFC92A79B1DD9CFB9E48EC	good	-	-	1499299380.000000	1499901480.000000
1499342740.775344	Fedo2e44iOxxoa6mJ5	sha1	F2E06AF9858A1D8D709B4919237AA9B51A287E64	4ADD06161BBCF668B576F581B6BB621ABA5A812F	0CC5FF9E7F901B22	good	-	-	1499284642.000000	1499889442.000000
1499342741.130325	FkAC8d1MB2hf7OH43h	sha1	F2E06AF9858A1D8D709B4919237AA9B51A287E64	4ADD06161BBCF668B576F581B6BB621ABA5A812F	23FE4ED12904F9D1	good	-	-	1499284701.000000	1499889501.000000
1499342743.689063	FAZI1i3iFx3jisYawg	sha1	DFAA12E328B1094193E29F4282CE4740429558A3	B13EC36903F8BF4701D498261A0802EF63642BC3	0C79A944B08C11952092615FE26B1D83	good	-	-	1499272200.000000	1499877000.000000
1499342743.714948	FpQLBx2YNpTs5OBgJk	sha1	49F4BD8A18BF760698C5DE402D683B716AE4E686	3DD350A5D6A0ADEEF34A600A65D321D4F8F8D60F	0D28AA10B39842A135E8A10EA7C265AE	good	-	-	1499303040.000000	1499905140.000000
1499342746.139584	FSkY1j1qLogbiJ0N45	sha1	105FA67A80089DB5279F35CE830B43889EA3C70D	0F80611C823161D52F28E78D4638B42CE1C6D9E2	0CA9C64361BFC92A79B1DD9CFB9E48EC	good	-	-	1499299380.000000	1499901480.000000
1499342746.144324	FTfd164vm06csjxwPa	sha1	105FA67A80089DB5279F35CE830B43889EA3C70D	0F80611C823161D52F28E78D4638B42CE1C6D9E2	0CA9C64361BFC92A79B1DD9CFB9E48EC	good	-	-	1499299380.000000	1499901480.000000
1499342746.203340	F2Qfrb3ZUXHsshxrr7	sha1	105FA67A80089DB5279F35CE830B43889EA3C70D	0F80611C823161D52F28E78D4638B42CE1C6D9E2	053595DDC488E3BD2185316C9E024A57	good	-	-	1499286720.000000	1499888820.000000
1499342752.302173	FpLDaV15AwHJkTNmnc	sha1	CEA633847FA2C6D73E768EA031C03953C6868E0A	40096167F0BC83714FDE12082C6FD4D42B763D96	DA55CFD774B536DCEE6CA48373104104	good	-	-	1498896974.000000	1499501774.000000
1499342752.505620	FJbUSQVYASOEShyu8	sha1	105FA67A80089DB5279F35CE830B43889EA3C70D	0F80611C823161D52F28E78D4638B42CE1C6D9E2	0CA9C64361BFC92A79B1DD9CFB9E48EC	good	-	-	1499299380.000000	1499901480.000000
1499342752.507929	F3j02Xwd7qBW1CGu	sha1	105FA67A80089DB5279F35CE830B43889EA3C70D	0F80611C823161D52F28E78D4638B42CE1C6D9E2	0CA9C64361BFC92A79B1DD9CFB9E48EC	good	-	-	1499299380.000000	1499901480.000000
1499342752.514614	FQKpbI3yzMnS5HwzK7	sha1	105FA67A80089DB5279F35CE830B43889EA3C70D	0F80611C823161D52F28E78D4638B42CE1C6D9E2	0CA9C64361BFC92A79B1DD9CFB9E48EC	good	-	-	1499299380.000000	1499901480.000000
1499342754.510546	Fmbkqg1vJXLb0kWfZf	sha1	105FA67A80089DB5279F35CE830B43889EA3C70D	0F80611C823161D52F28E78D4638B42CE1C6D9E2	07D50DC7F368982FAB5E19B9C5FBA15C	good	-	-	1499301780.000000	1499903880.000000
1499342754.574310	FeHOo39qnzGSScfql	sha1	0C9E4D9C3DEDEF84D891E972C7CF8406BC197B07	96DE61F1BD1C1629531CC0CC7D3B830040E61A7C	42E81224E48B62E3F7261050	good	-	-	1499311609.000000	1499657209.000000
1499342754.577302	Fs8ZEZ2kQ0U3bb9Ra	sha1	0C9E4D9C3DEDEF84D891E972C7CF8406BC197B07	96DE61F1BD1C1629531CC0CC7D3B830040E61A7C	42E81224E48B62E3F7261050	good	-	-	1499311609.000000	1499657209.000000
1499342755.257114	FZ7I8sPEvz4eblsb3	sha1	0C9E4D9C3DEDEF84D891E972C7CF8406BC197B07	96DE61F1BD1C1629531CC0CC7D3B830040E61A7C	03F0A5D735B3A76FF3FDC256	good	-	-	1499312245.000000	1499657845.000000
1499342755.260325	FCSEMmMs82oWdyG8l	sha1	0C9E4D9C3DEDEF84D891E972C7CF8406BC197B07	96DE61F1BD1C1629531CC0CC7D3B830040E61A7C	03F0A5D735B3A76FF3FDC256	good	-	-	1499312245.000000	1499657845.000000
1499342755.269318	F4xtqg3ms7FdUr5Di7	sha1	0C9E4D9C3DEDEF84D891E972C7CF8406BC197B07	96DE61F1BD1C1629531CC0CC7D3B830040E61A7C	03F0A5D735B3A76FF3FDC256	good	-	-	1499312245.000000	1499657845.000000
1499342755.953747	FINaf44Qa6jD1VMMg2	sha1	0C9E4D9C3DEDEF84D891E972C7CF8406BC197B07	96DE61F1BD1C1629531CC0CC7D3B830040E61A7C	1EBA65E552078B3115939481	good	-	-	1499316939.000000	1499662539.000000
1499342755.962295	FhNBdb1m05JQkQFUSj	sha1	0C9E4D9C3DEDEF84D891E972C7CF8406BC197B07	96DE61F1BD1C1629531CC0CC7D3B830040E61A7C	1EBA65E552078B3115939481	good	-	-	1499316939.000000	1499662539.000000
1499342755.973792	F5nmsC8TwcRCpsHgb	sha1	0C9E4D9C3DEDEF84D891E972C7CF8406BC197B07	96DE61F1BD1C1629531CC0CC7D3B830040E61A7C	1EBA65E552078B3115939481	good	-	-	1499316939.000000	1499662539.000000
1499342771.093156	F2y6QV3ebKyTW74N1l	sha1	26102266B387FB8B911BC6D37B35BCD0081C0074	51AF24269CF468225780262B3B4662157B1ECCA5	5A000817A42B85C2D0DD17072C0000000817A4	good	-	-	1499172436.000000	1499518036.000000
1499342796.486739	FpVt063kyNjjlgyAN7	sha1	105FA67A80089DB5279F35CE830B43889EA3C70D	0F80611C823161D52F28E78D4638B42CE1C6D9E2	0A129AC79D151C8BF85072B0547AACF4	good	-	-	1499295060.000000	1499897160.000000
1499342798.481228	F4vgDGcqdLhHnwRSd	sha1	105FA67A80089DB5279F35CE830B43889EA3C70D	0F80611C823161D52F28E78D4638B42CE1C6D9E2	07D50DC7F368982FAB5E19B9C5FBA15C	good	-	-	1499301780.000000	1499903880.000000
1499342802.048706	FKSmLN3lFZR09HnMj6	sha1	26102266B387FB8B911BC6D37B35BCD0081C0074	51AF24269CF468225780262B3B4662157B1ECCA5	5A00057465941D8EC9B0C8104C000100057465	good	-	-	1499218496.000000	1499564096.000000
1499342808.490618	Fsh1bm1zjCRPqJqI34	sha1	105FA67A80089DB5279F35CE830B43889EA3C70D	0F80611C823161D52F28E78D4638B42CE1C6D9E2	01DB878C9EEE573DC09EC8875CB4599E	good	-	-	1499300580.000000	1499902680.000000
1499342809.285098	FlT8Ui2Ydf4j2FjBVb	sha1	105FA67A80089DB5279F35CE830B43889EA3C70D	0F80611C823161D52F28E78D4638B42CE1C6D9E2	08C66784AC19B96D6E16F9BBEDDB680A	good	-	-	1499291160.000000	1499893260.000000
1499342810.439968	FspPvu27fEHwsvdYEb	sha1	CF26F518FAC97E8F8CB342E01C2F6A109E8E5F0A	5168FF90AF0207753CCCD9656462A212B859723B	0C0099B7D789C9F66626317EBCEA7C1C	good	-	-	1499299140.000000	1499901240.000000
1499342810.758856	FCQ4594tqhHLf5oEjd	sha1	F2E06AF9858A1D8D709B4919237AA9B51A287E64	4ADD06161BBCF668B576F581B6BB621ABA5A812F	308C78E6519AE711	good	-	-	1499284566.000000	1499889366.000000
1499342810.906846	FjTsZh2RO8LH11roz4	sha1	DFAA12E328B1094193E29F4282CE4740429558A3	B13EC36903F8BF4701D498261A0802EF63642BC3	0C79A944B08C11952092615FE26B1D83	good	-	-	1499272200.000000	1499877000.000000
1499342810.953667	FQPQdwuKrV4LQnhHj	sha1	49F4BD8A18BF760698C5DE402D683B716AE4E686	3DD350A5D6A0ADEEF34A600A65D321D4F8F8D60F	07F57D2A7CE7C34782B91AFCCF463845	good	-	-	1499301780.000000	1499903880.000000
1499342811.238261	F2pdVo1iFOH5WG2Gg	sha1	F2E06AF9858A1D8D709B4919237AA9B51A287E64	4ADD06161BBCF668B576F581B6BB621ABA5A812F	3D37EDE10150020D	good	-	-	1499284712.000000	1499889512.000000
1499342811.401707	FxCNKi1TqNDJYscra7	sha1	F2E06AF9858A1D8D709B4919237AA9B51A287E64	4ADD06161BBCF668B576F581B6BB621ABA5A812F	42B54FE8EE1CBBD8	good	-	-	1499263021.000000	1499867821.000000
1499342811.548843	FASQCb3kEb88ZMcuh3	sha1	F2E06AF9858A1D8D709B4919237AA9B51A287E64	4ADD06161BBCF668B576F581B6BB621ABA5A812F	2B616C5111FFBF7D	good	-	-	1499284640.000000	1499889440.000000
1499342811.592359	FjWLsK3C1VSNjWwlSa	sha1	F2E06AF9858A1D8D709B4919237AA9B51A287E64	4ADD06161BBCF668B576F581B6BB621ABA5A812F	0118F044A8F31892	good	-	-	1499263125.000000	1499867925.000000
1499342811.800514	FoocKJEopFmHiVp3a	sha1	F2E06AF9858A1D8D709B4919237AA9B51A287E64	4ADD06161BBCF668B576F581B6BB621ABA5A812F	0CC5FF9E7F901B22	good	-	-	1499284642.000000	1499889442.000000
1499342811.976216	FcOj8m1Gvje3dxntK5	sha1	F2E06AF9858A1D8D709B4919237AA9B51A287E64	4ADD06161BBCF668B576F581B6BB621ABA5A812F	183399934C283B80	good	-	-	1499284714.000000	1499889514.000000
1499342829.961376	F65p6q2RhNfGWAd7y2	sha1	105FA67A80089DB5279F35CE830B43889EA3C70D	0F80611C823161D52F28E78D4638B42CE1C6D9E2	0441863B81E6C5BAB060B2031D1D111E	good	-	-	1499293680.000000	1499895780.000000
1499342829.987680	FK9j4a4hhwoTSaEJye	sha1	DFAA12E328B1094193E29F4282CE4740429558A3	B13EC36903F8BF4701D498261A0802EF63642BC3	0C79A944B08C11952092615FE26B1D83	good	-	-	1499272200.000000	1499877000.000000
1499342830.043204	F5IEHe2T6ZptYZ9o4b	sha1	49F4BD8A18BF760698C5DE402D683B716AE4E686	3DD350A5D6A0ADEEF34A600A65D321D4F8F8D60F	0F66013EDD026949DF19A464E7AAD312	good	-	-	1499307120.000000	1499909220.000000
1499342830.389190	FDFPhl35lHrtyjEH0j	sha1	986A0BD8DED7E2CC3368C9BCD548F159992126D3	7B68CE29AAC017BE497AE1E53FD6A7F7458F3532	0511EAF8579E2662BE622DE5AE0CD408	good	-	-	1499308260.000000	1499910360.000000
1499342840.074180	FrzlVi1nWjZGvkRVCa	sha1	26102266B387FB8B911BC6D37B35BCD0081C0074	51AF24269CF468225780262B3B4662157B1ECCA5	5A000615C90F9D46CDAD943A150001000615C9	good	-	-	1499044179.000000	1499389779.000000
1499342841.623149	FfIvUWJRtPknQAWt	sha1	26102266B387FB8B911BC6D37B35BCD0081C0074	51AF24269CF468225780262B3B4662157B1ECCA5	5A00060ACE0EF382E86D7A7FCA000100060ACE	good	-	-	1499306704.000000	1499652304.000000
1499342841.947407	FxoRMKcmjDLWFRbb5	sha1	26102266B387FB8B911BC6D37B35BCD0081C0074	51AF24269CF468225780262B3B4662157B1ECCA5	5A00035CF394302C844CAB78E0000100035CF3	good	-	-	1499311810.000000	1499657410.000000
1499342848.694123	FupOYq1BJe22ETsMml	sha1	105FA67A80089DB5279F35CE830B43889EA3C70D	0F80611C823161D52F28E78D4638B42CE1C6D9E2	0128924CEB0193C4ADFCAF4F570BD947	good	-	-	1499300220.000000	1499902320.000000
1499342848.781562	FeBEPPmwEjeckciIh	sha1	105FA67A80089DB5279F35CE830B43889EA3C70D	0F80611C823161D52F28E78D4638B42CE1C6D9E2	0E87C3CD55D57AE973D2952C199DD8BF	good	-	-	1499314320.000000	1499916420.000000
1499342849.569099	FkXOw63SKECPoHYNoi	sha1	105FA67A80089DB5279F35CE830B43889EA3C70D	0F80611C823161D52F28E78D4638B42CE1C6D9E2	0CA9C64361BFC92A79B1DD9CFB9E48EC	good	-	-	1499299380.000000	1499901480.000000
1499342870.165910	FrhoeH3cT1WBWv8lyk	sha1	F2E06AF9858A1D8D709B4919237AA9B51A287E64	4ADD06161BBCF668B576F581B6BB621ABA5A812F	23FE4ED12904F9D1	good	-	-	1499263103.000000	1499867903.000000
1499342875.526306	FzFHSC2hTLvzXJc8T4	sha1	105FA67A80089DB5279F35CE830B43889EA3C70D	0F80611C823161D52F28E78D4638B42CE1C6D9E2	094B3312F2DF9617295FF82F467624D0	good	-	-	1499305680.000000	1499907780.000000
1499342875.526873	FTsKRu1nQSbxLLXHJi	sha1	105FA67A80089DB5279F35CE830B43889EA3C70D	0F80611C823161D52F28E78D4638B42CE1C6D9E2	091DD4F70C7F4355522FC298BD396057	good	-	-	1499305620.000000	1499907720.000000
1499342877.727665	FifdFX1YeQEKXHJpp1	sha1	F2E06AF9858A1D8D709B4919237AA9B51A287E64	4ADD06161BBCF668B576F581B6BB621ABA5A812F	0CC5FF9E7F901B22	good	-	-	1499284642.000000	1499889442.000000
1499342878.396957	FIBtOJ3WDUKdUiHpF7	sha1	F2E06AF9858A1D8D709B4919237AA9B51A287E64	4ADD06161BBCF668B576F581B6BB621ABA5A812F	23FE4ED12904F9D1	good	-	-	1499284701.000000	1499889501.000000
1499342878.409880	F7NenP3aBzBPnybo7c	sha1	F2E06AF9858A1D8D709B4919237AA9B51A287E64	4ADD06161BBCF668B576F581B6BB621ABA5A812F	23FE4ED12904F9D1	good	-	-	1499284701.000000	1499889501.000000
1499342885.597818	FQ7nEB4dJrfE0NoKh6	sha1	105FA67A80089DB5279F35CE830B43889EA3C70D	0F80611C823161D52F28E78D4638B42CE1C6D9E2	04586AACF0295C3985C633FC52E2FFB3	good	-	-	1499293680.000000	1499895780.000000
1499342885.645690	FxzNWb4t51teMPukjg	sha1	F2E06AF9858A1D8D709B4919237AA9B51A287E64	4ADD06161BBCF668B576F581B6BB621ABA5A812F	0118F044A8F31892	good	-	-	1499263125.000000	1499867925.000000
1499342885.903200	FkAjic4MuF5i6DDp9l	sha1	F2E06AF9858A1D8D709B4919237AA9B51A287E64	4ADD06161BBCF668B576F581B6BB621ABA5A812F	2B616C5111FFBF7D	good	-	-	1499284640.000000	1499889440.000000
1499342885.941443	FrzAUA3HOMQ5umkVh2	sha1	F2E06AF9858A1D8D709B4919237AA9B51A287E64	4ADD06161BBCF668B576F581B6BB621ABA5A812F	34D2F03BCDEE932C	good	-	-	1499284719.000000	1499889519.000000
1499342886.372930	F4KsnN1i1VgPTpuYS7	sha1	F2E06AF9858A1D8D709B4919237AA9B51A287E64	4ADD06161BBCF668B576F581B6BB621ABA5A812F	42B54FE8EE1CBBD8	good	-	-	1499284619.000000	1499889419.000000
1499342886.477109	FBDe952gL8JxxcAQih	sha1	CF26F518FAC97E8F8CB342E01C2F6A109E8E5F0A	5168FF90AF0207753CCCD9656462A212B859723B	0C0099B7D789C9F66626317EBCEA7C1C	good	-	-	1499299140.000000	1499901240.000000
1499342886.944448	FCDbJx4X8bwAcN9dnh	sha1	F2E06AF9858A1D8D709B4919237AA9B51A287E64	4ADD06161BBCF668B576F581B6BB621ABA5A812F	210B1F4F0E66E84F	good	-	-	1499284724.000000	1499889524.000000
1499342886.993444	F2L4Pe4XL99gPu4bo4	sha1	F2E06AF9858A1D8D709B4919237AA9B51A287E64	4ADD06161BBCF668B576F581B6BB621ABA5A812F	559D12A353E1181E	good	-	-	1499284615.000000	1499889415.000000
1499342887.007053	Fi2zdvLsytFAEldHe	sha1	F2E06AF9858A1D8D709B4919237AA9B51A287E64	4ADD06161BBCF668B576F581B6BB621ABA5A812F	3B79E752A56D0E25	good	-	-	1499262961.000000	1499867761.000000
1499342887.354226	FhwhEg27aPdoNBQBy	sha1	105FA67A80089DB5279F35CE830B43889EA3C70D	0F80611C823161D52F28E78D4638B42CE1C6D9E2	053595DDC488E3BD2185316C9E024A57	good	-	-	1499308320.000000	1499910420.000000
1499342887.354794	FJRGhF4OELwvawI6qb	sha1	105FA67A80089DB5279F35CE830B43889EA3C70D	0F80611C823161D52F28E78D4638B42CE1C6D9E2	053595DDC488E3BD2185316C9E024A57	good	-	-	1499308320.000000	1499910420.000000
1499342887.551218	FXOITx1XxhOlDBjtg5	sha1	F2E06AF9858A1D8D709B4919237AA9B51A287E64	4ADD06161BBCF668B576F581B6BB621ABA5A812F	72991529F4C971AA	good	-	-	1499284673.000000	1499889473.000000
1499342888.176904	FZtE994p14CFVL36i	sha1	F2E06AF9858A1D8D709B4919237AA9B51A287E64	4ADD06161BBCF668B576F581B6BB621ABA5A812F	6EBDB30B6B441C0E	good	-	-	1499284726.000000	1499889526.000000
1499342888.894813	FKp5qu2cjyk53LxEFd	sha1	D1B1648B8C9F0DD16BA38ACD2B5017D5F9CFC064	5F60CF619055DF8443148A602AB2F57AF44318EF	063BA4920FD43A70648835BD6389307B	good	-	-	1499236040.000000	1499840840.000000
1499342889.433685	Fyht2W1q6HI8mLKUfg	sha1	105FA67A80089DB5279F35CE830B43889EA3C70D	0F80611C823161D52F28E78D4638B42CE1C6D9E2	019F6E8970EAE6A4973810526AFFD4E4	good	-	-	1499300460.000000	1499902560.000000
1499342890.293420	FSgPER6tC8oFBol2c	sha1	BCA4275C75FEFF061E51315471B9CA272C8F6E77	2033CDB761F6A5864FDCC9D7736ABC0A516598EC	820BBAC6FA5BB09D43520490375785C5	good	-	-	1499128832.000000	1499733632.000000
1499342890.375764	FWxRGd1n1EopKWkN2k	sha1	CF26F518FAC97E8F8CB342E01C2F6A109E8E5F0A	5168FF90AF0207753CCCD9656462A212B859723B	0C0099B7D789C9F66626317EBCEA7C1C	good	-	-	1499299140.000000	1499901240.000000
1499342890.382487	FdTtFj1V3747ZVYU7a	sha1	CF26F518FAC97E8F8CB342E01C2F6A109E8E5F0A	5168FF90AF0207753CCCD9656462A212B859723B	0137395818FE1B53511A572233D5998D	good	-	-	1499235360.000000	1499837460.000000
1499342890.427323	FKocJZ38FeUc9niqSi	sha1	CF26F518FAC97E8F8CB342E01C2F6A109E8E5F0A	5168FF90AF0207753CCCD9656462A212B859723B	0785D159E5D57578655670260AF98E54	good	-	-	1499301720.000000	1499903820.000000
1499342890.427323	Fq9br93PmVvjt2xm0j	sha1	CF26F518FAC97E8F8CB342E01C2F6A109E8E5F0A	5168FF90AF0207753CCCD9656462A212B859723B	0785D159E5D57578655670260AF98E54	good	-	-	1499301720.000000	1499903820.000000
1499342890.515380	FbKxW24hoLZ5ZWWgP	sha1	F2E06AF9858A1D8D709B4919237AA9B51A287E64	4ADD06161BBCF668B576F581B6BB621ABA5A812F	58460C847F5451B8	good	-	-	1499284625.000000	1499889425.000000
1499342890.618432	FHVW4SgDuBLqMhcw	sha1	F2E06AF9858A1D8D709B4919237AA9B51A287E64	4ADD06161BBCF668B576F581B6BB621ABA5A812F	2B616C5111FFBF7D	good	-	-	1499284640.000000	1499889440.000000
1499342890.624266	FPQhJz47KkNj8bGQR5	sha1	0C9E4D9C3DEDEF84D891E972C7CF8406BC197B07	96DE61F1BD1C1629531CC0CC7D3B830040E61A7C	1121067C3B04DA71B26C9ACAAB60B5764065	good	-	-	1499318019.000000	1499663619.000000
1499342890.928137	FD31054eG6TOTLCax8	sha1	105FA67A80089DB5279F35CE830B43889EA3C70D	0F80611C823161D52F28E78D4638B42CE1C6D9E2	0E37A11DE22EC25E009733C15B274022	good	-	-	1499292600.000000	1499894700.000000
1499342890.929129	FPYAQi2MRe0A1PEAZ9	sha1	105FA67A80089DB5279F35CE830B43889EA3C70D	0F80611C823161D52F28E78D4638B42CE1C6D9E2	0E37A11DE22EC25E009733C15B274022	good	-	-	1499314140.000000	1499916240.000000
1499342891.231332	FAo4wlMH8NGf6Lpa5	sha1	DFAA12E328B1094193E29F4282CE4740429558A3	B13EC36903F8BF4701D498261A0802EF63642BC3	0C79A944B08C11952092615FE26B1D83	good	-	-	1499272200.000000	1499877000.000000
1499342891.259279	F3ai821RebURi7Wmxh	sha1	49F4BD8A18BF760698C5DE402D683B716AE4E686	3DD350A5D6A0ADEEF34A600A65D321D4F8F8D60F	0C59A98CBEE0B63A5649CBCC4B572D18	good	-	-	1499299260.000000	1499901360.000000
1499342891.435306	Ft02wA4vcVM1lHTtd3	sha1	F2E06AF9858A1D8D709B4919237AA9B51A287E64	4ADD06161BBCF668B576F581B6BB621ABA5A812F	682B4289B2FA4F14	good	-	-	1499284737.000000	1499889537.000000
1499342891.464841	Fl1Dpa4fxzapEpFYbj	sha1	F2E06AF9858A1D8D709B4919237AA9B51A287E64	4ADD06161BBCF668B576F581B6BB621ABA5A812F	682B4289B2FA4F14	good	-	-	1499284737.000000	1499889537.000000
1499342891.509140	FkluY83GXPxrCbAAp2	sha1	CF26F518FAC97E8F8CB342E01C2F6A109E8E5F0A	5168FF90AF0207753CCCD9656462A212B859723B	044C71FF9E2B2C3A3A7D037EA164B03B	good	-	-	1499293680.000000	1499895780.000000
1499342891.511984	Fkn0uc9v1v5vl55aa	sha1	CF26F518FAC97E8F8CB342E01C2F6A109E8E5F0A	5168FF90AF0207753CCCD9656462A212B859723B	044C71FF9E2B2C3A3A7D037EA164B03B	good	-	-	1499293680.000000	1499895780.000000
1499342891.540334	FE6UTHjoKgow6oK8h	sha1	F2E06AF9858A1D8D709B4919237AA9B51A287E64	4ADD06161BBCF668B576F581B6BB621ABA5A812F	682B4289B2FA4F14	good	-	-	1499263139.000000	1499867939.000000
1499342891.542107	Fbgm8W1PWNd90iyIIi	sha1	F2E06AF9858A1D8D709B4919237AA9B51A287E64	4ADD06161BBCF668B576F581B6BB621ABA5A812F	682B4289B2FA4F14	good	-	-	1499284737.000000	1499889537.000000
1499342891.628902	Fs5JDogDu4JPbQybj	sha1	47E2622805BFA18DD8BB2BF136278652F4BFD980	97C227509EC2C9EC0C8832C87CADE2A6014FDA6F	6B642FC02C2B25486A15754A7E3BAE5D	good	-	-	1499033907.000000	1499638707.000000
1499342892.231441	FzkJmHfV6q993mJS1	sha1	105FA67A80089DB5279F35CE830B43889EA3C70D	0F80611C823161D52F28E78D4638B42CE1C6D9E2	0DB5FDB678667956927550B9879189F4	good	-	-	1499303280.000000	1499905380.000000
1499342892.273569	FhEx0438pLX6nUEtr9	sha1	105FA67A80089DB5279F35CE830B43889EA3C70D	0F80611C823161D52F28E78D4638B42CE1C6D9E2	04A6B818D21E056E84217E9760D891B4	good	-	-	1499293800.000000	1499895900.000000
1499342892.316130	Fo7GW7qdw078d4Hra	sha1	CF26F518FAC97E8F8CB342E01C2F6A109E8E5F0A	5168FF90AF0207753CCCD9656462A212B859723B	06550487607827E2CEEC36BF69413E0C	good	-	-	1499297760.000000	1499899860.000000
1499342892.318037	FXQYLw2SSkogJTxZ78	sha1	CF26F518FAC97E8F8CB342E01C2F6A109E8E5F0A	5168FF90AF0207753CCCD9656462A212B859723B	0EBAC11E4A9AF4ABA4A22F758DADAD63	good	-	-	1499292780.000000	1499894880.000000
1499342892.506126	FNoLRmUoxyIXEpYlj	sha1	105FA67A80089DB5279F35CE830B43889EA3C70D	0F80611C823161D52F28E78D4638B42CE1C6D9E2	0DB5FDB678667956927550B9879189F4	good	-	-	1499303280.000000	1499905380.000000
1499342892.508272	F9WJyc4QygnB7W6zNj	sha1	12EADF46CC0880387360B65A691601CC0CB5E9E2	A92B87E1CE24473B1BBFCF853702559D0D9458E6	1139AABDDC623E7C58B044F1	good	-	-	1499319265.000000	1499664865.000000
1499342892.525610	FrbE5t16u7lCC9mDsl	sha1	CF26F518FAC97E8F8CB342E01C2F6A109E8E5F0A	5168FF90AF0207753CCCD9656462A212B859723B	06550487607827E2CEEC36BF69413E0C	good	-	-	1499297760.000000	1499899860.000000
1499342892.596819	FS3YvO19YELzEr4Ibg	sha1	400B467AF1E6B2D30983BA0D607E7E59374824C4	C39CF3FCD3460834BBCE467FA07C5BF3E208CB59	09F2F3	good	-	-	1499129564.000000	1499734364.000000
1499342892.658243	F8Gf8i1pMTQhwbpgl1	sha1	B6080D5F6C6B76EB13E438A5F8660BA85233344E	40C2BD278ECC348330A233D7FB6CB3F0B42C80CE	5C344505184E688C	good	-	-	1499322333.000000	1499451933.000000
1499342892.658497	Fxh57H3kNa6PrOqVbl	sha1	CF26F518FAC97E8F8CB342E01C2F6A109E8E5F0A	5168FF90AF0207753CCCD9656462A212B859723B	0FE9A8BE6FFE7DF2EE207C13F1B1D681	good	-	-	1499307360.000000	1499909460.000000
1499342892.664035	FqbBMo28KJyzaKY3wi	sha1	7D14CA1E3E08269E1A333D0E0E6FF31361215EEA	25F08AE14B7AD901950AEDC653F18C781FD9F3F8	013D42A6085ED7B433B68250BFD83668	good	-	-	1499238150.000000	1499842950.000000
1499342892.785334	FW6DGz1ugJS5gQsvMg	sha1	0BA882A3E868B9B611DAA8A0B510253D697B0245	9AF32BDACFAD4FB62FBB2A48482A12B71B42C124	A61B5A5D7B59491E1AB3978E65D43100	good	-	-	1499183736.000000	1499788536.000000
1499342892.814329	FQYSS61XxxHYNHa7Vl	sha1	105FA67A80089DB5279F35CE830B43889EA3C70D	0F80611C823161D52F28E78D4638B42CE1C6D9E2	0667BE6DCF6E39A6C25786AFCC2AA087	good	-	-	1499297760.000000	1499899860.000000
1499342892.823159	FwxmQbLJnuxAF5WLb	sha1	0BA882A3E868B9B611DAA8A0B510253D697B0245	9AF32BDACFAD4FB62FBB2A48482A12B71B42C124	A61B5A5D7B59491E1AB3978E65D43100	good	-	-	1499183736.000000	1499788536.000000
1499342892.823411	F5OVpX1wHkx8YIddk1	sha1	7AE13EE8A0C42A2CB428CBE7A605461940E2A1E9	90AF6A3A945A0BD890EA125673DF43B43A28DAE7	E770A8EDD3D2A729F0C44D3AE0BD374A	good	-	-	1499026492.000000	1499631292.000000
1499342892.869044	FbV4wh1SQd2v8Mdvr7	sha1	CF26F518FAC97E8F8CB342E01C2F6A109E8E5F0A	5168FF90AF0207753CCCD9656462A212B859723B	04A78C8F5A5DAE549FE4016DB4728AE3	good	-	-	1499315460.000000	1499917560.000000
1499342892.884805	FmrMrF1QW6pWNMPmP	sha1	F2E06AF9858A1D8D709B4919237AA9B51A287E64	4ADD06161BBCF668B576F581B6BB621ABA5A812F	0CC5FF9E7F901B22	good	-	-	1499284642.000000	1499889442.000000
1499342892.979259	F97XCL31Ul4kqBqWql	sha1	F2E06AF9858A1D8D709B4919237AA9B51A287E64	4ADD06161BBCF668B576F581B6BB621ABA5A812F	0CC5FF9E7F901B22	good	-	-	1499284642.000000	1499889442.000000
1499342893.088200	FU5AY71IGbkKgC8Fj9	sha1	CF26F518FAC97E8F8CB342E01C2F6A109E8E5F0A	5168FF90AF0207753CCCD9656462A212B859723B	0F6E12AEF629F037B23AD902BC9348CA	good	-	-	1499307120.000000	1499909220.000000
1499342893.246742	Fpfm1R16Hu4y1nWmc9	sha1	4A500276EE3C71BB2D7362DA541DF2F2D0C1C7BA	CACE1D1803771E1CF37C58B29A70A8088016F4AE	06AB33CD4544904AA71E5344FCEB318F16BBF3	good	-	-	1499253532.000000	1499599132.000000
1499342893.410022	FWTZTX1QZtaiWpPWN9	sha1	7AE13EE8A0C42A2CB428CBE7A605461940E2A1E9	90AF6A3A945A0BD890EA125673DF43B43A28DAE7	5D38BC05CAF2C1F8F7E5DF9486F7B21A	good	-	-	1499222892.000000	1499827692.000000
1499342893.462351	F4N2i43eL8Ugd5woA4	sha1	105FA67A80089DB5279F35CE830B43889EA3C70D	0F80611C823161D52F28E78D4638B42CE1C6D9E2	030E8B1ED951F6BEC59C6D4147BB4F68	good	-	-	1499304180.000000	1499906280.000000
1499342893.462357	FpqXOr2YLGZ4xFugN4	sha1	105FA67A80089DB5279F35CE830B43889EA3C70D	0F80611C823161D52F28E78D4638B42CE1C6D9E2	0B5D5A45975F5C436FDCBD3A5EF3C62F	good	-	-	1499309820.000000	1499911920.000000
1499342893.462828	FePMkt1oJf3punVAW2	sha1	7AE13EE8A0C42A2CB428CBE7A605461940E2A1E9	90AF6A3A945A0BD890EA125673DF43B43A28DAE7	411508E94F76DDAF08D64CCA9AA1A382	good	-	-	1499246101.000000	1499850901.000000
1499342893.487167	FYfJXb3xrm8oLiEEza	sha1	105FA67A80089DB5279F35CE830B43889EA3C70D	0F80611C823161D52F28E78D4638B42CE1C6D9E2	0B5D5A45975F5C436FDCBD3A5EF3C62F	good	-	-	1499309820.000000	1499911920.000000
1499342893.635577	FXG52h3AmK1t5Z6Bge	sha1	CC6D221CF6B4552C2F87915F5AFEF0E1EECE83CC	82A27074DDBC533FCF7BD4F7CD7FA760C60A4CBF	1886BA000000000050D71BAE	good	-	-	1499277356.000000	1499882156.000000
1499342893.972666	FFaE1mt2ow5elF0t5	sha1	105FA67A80089DB5279F35CE830B43889EA3C70D	0F80611C823161D52F28E78D4638B42CE1C6D9E2	03E91551ABB118244633047883DF39AC	good	-	-	1499304780.000000	1499906880.000000
1499342893.973294	Fq16BR2c0neSDa4wBa	sha1	105FA67A80089DB5279F35CE830B43889EA3C70D	0F80611C823161D52F28E78D4638B42CE1C6D9E2	03E91551ABB118244633047883DF39AC	good	-	-	1499304780.000000	1499906880.000000
1499342895.546334	FwtIWI2LKhOlSAA262	sha1	33F5AAC61D66E7055D03173A4D1F3E187138850D	59A4660652A07B95923CA394072796745BF93DD0	0BE42443BC2A13F13A229E51D79B0F4B	good	-	-	1499288460.000000	1499890560.000000
1499342895.548511	FcSOoQ11XKDTtUEDm6	sha1	33F5AAC61D66E7055D03173A4D1F3E187138850D	59A4660652A07B95923CA394072796745BF93DD0	0BE42443BC2A13F13A229E51D79B0F4B	good	-	-	1499310060.000000	1499912160.000000
1499342896.156081	FkA92z32y5yLyI0PZh	sha1	105FA67A80089DB5279F35CE830B43889EA3C70D	0F80611C823161D52F28E78D4638B42CE1C6D9E2	0B9C1BC377D2BEE6A68ECE921668AAC2	good	-	-	1499309880.000000	1499911980.000000
1499342896.183063	FlMCem3tKnfwTJZqx3	sha1	105FA67A80089DB5279F35CE830B43889EA3C70D	0F80611C823161D52F28E78D4638B42CE1C6D9E2	0B9C1BC377D2BEE6A68ECE921668AAC2	good	-	-	1499309880.000000	1499911980.000000
1499342896.444898	FKF4M3uPeF4DYj5rj	sha1	F2E06AF9858A1D8D709B4919237AA9B51A287E64	4ADD06161BBCF668B576F581B6BB621ABA5A812F	210B1F4F0E66E84F	good	-	-	1499284724.000000	1499889524.000000
1499342896.466830	FGp5rMCvL954IjDt7	sha1	F2E06AF9858A1D8D709B4919237AA9B51A287E64	4ADD06161BBCF668B576F581B6BB621ABA5A812F	210B1F4F0E66E84F	good	-	-	1499284724.000000	1499889524.000000
1499342896.467207	F2wZBb2XZrkS5xspj	sha1	F2E06AF9858A1D8D709B4919237AA9B51A287E64	4ADD06161BBCF668B576F581B6BB621ABA5A812F	210B1F4F0E66E84F	good	-	-	1499284724.000000	1499889524.000000
1499342896.545495	Fp8FXv4goWWI8kSm3b	sha1	F2E06AF9858A1D8D709B4919237AA9B51A287E64	4ADD06161BBCF668B576F581B6BB621ABA5A812F	210B1F4F0E66E84F	good	-	-	1499284724.000000	1499889524.000000
1499342896.559423	F7zpNl4H7muSZvd9H4	sha1	F2E06AF9858A1D8D709B4919237AA9B51A287E64	4ADD06161BBCF668B576F581B6BB621ABA5A812F	210B1F4F0E66E84F	good	-	-	1499263126.000000	1499867926.000000
1499342898.310961	FJPagq3BI9lhysWgt8	sha1	105FA67A80089DB5279F35CE830B43889EA3C70D	0F80611C823161D52F28E78D4638B42CE1C6D9E2	0D39357A051B9B6B4CD5A4B42DF44B60	good	-	-	1499303100.000000	1499905200.000000
1499342898.311224	FAOr5b1c2hANRf7Ca1	sha1	105FA67A80089DB5279F35CE830B43889EA3C70D	0F80611C823161D52F28E78D4638B42CE1C6D9E2	0D39357A051B9B6B4CD5A4B42DF44B60	good	-	-	1499303100.000000	1499905200.000000
1499342898.311428	FePHyn2TNjfJHUEmFl	sha1	105FA67A80089DB5279F35CE830B43889EA3C70D	0F80611C823161D52F28E78D4638B42CE1C6D9E2	0D39357A051B9B6B4CD5A4B42DF44B60	good	-	-	1499303100.000000	1499905200.000000
1499342898.335604	FmghBX177ak9uIm7Zh	sha1	105FA67A80089DB5279F35CE830B43889EA3C70D	0F80611C823161D52F28E78D4638B42CE1C6D9E2	0D39357A051B9B6B4CD5A4B42DF44B60	good	-	-	1499303100.000000	1499905200.000000
1499342898.337998	FPMNio4flbUu4W4Fxa	sha1	105FA67A80089DB5279F35CE830B43889EA3C70D	0F80611C823161D52F28E78D4638B42CE1C6D9E2	0D39357A051B9B6B4CD5A4B42DF44B60	good	-	-	1499303100.000000	1499905200.000000
1499342926.551269	FRJsl81XQhSAIOUDy7	sha1	105FA67A80089DB5279F35CE830B43889EA3C70D	0F80611C823161D52F28E78D4638B42CE1C6D9E2	0A129AC79D151C8BF85072B0547AACF4	good	-	-	1499295060.000000	1499897160.000000
1499342934.111844	FGPVL8PScnZD3wwbl	sha1	105FA67A80089DB5279F35CE830B43889EA3C70D	0F80611C823161D52F28E78D4638B42CE1C6D9E2	07D50DC7F368982FAB5E19B9C5FBA15C	good	-	-	1499301780.000000	1499903880.000000
1499342939.261202	FxrIJt1SqGO0lCA4b7	sha1	49F4BD8A18BF760698C5DE402D683B716AE4E686	3DD350A5D6A0ADEEF34A600A65D321D4F8F8D60F	0F66013EDD026949DF19A464E7AAD312	good	-	-	1499307120.000000	1499909220.000000
1499342939.738775	F4Pyaf2gCN5JaQIUSl	sha1	105FA67A80089DB5279F35CE830B43889EA3C70D	0F80611C823161D52F28E78D4638B42CE1C6D9E2	0441863B81E6C5BAB060B2031D1D111E	good	-	-	1499293680.000000	1499895780.000000
1499342939.763195	F0X14p3liwis7FzMP6	sha1	105FA67A80089DB5279F35CE830B43889EA3C70D	0F80611C823161D52F28E78D4638B42CE1C6D9E2	0441863B81E6C5BAB060B2031D1D111E	good	-	-	1499293680.000000	1499895780.000000
1499342939.763712	FiRYP04J3yUedfIRb8	sha1	105FA67A80089DB5279F35CE830B43889EA3C70D	0F80611C823161D52F28E78D4638B42CE1C6D9E2	0441863B81E6C5BAB060B2031D1D111E	good	-	-	1499293680.000000	1499895780.000000
1499342939.763712	FP5nY94ixO5filLqN7	sha1	105FA67A80089DB5279F35CE830B43889EA3C70D	0F80611C823161D52F28E78D4638B42CE1C6D9E2	0441863B81E6C5BAB060B2031D1D111E	good	-	-	1499293680.000000	1499895780.000000
1499342939.763924	FknkmP27dKaplTynmi	sha1	105FA67A80089DB5279F35CE830B43889EA3C70D	0F80611C823161D52F28E78D4638B42CE1C6D9E2	0441863B81E6C5BAB060B2031D1D111E	good	-	-	1499293680.000000	1499895780.000000
1499342940.254098	Fr0hQe4VmO7YVuI5Ve	sha1	105FA67A80089DB5279F35CE830B43889EA3C70D	0F80611C823161D52F28E78D4638B42CE1C6D9E2	0CA9C64361BFC92A79B1DD9CFB9E48EC	good	-	-	1499299380.000000	1499901480.000000
1499342940.254339	FSfYdL2g4kYShK6tec	sha1	105FA67A80089DB5279F35CE830B43889EA3C70D	0F80611C823161D52F28E78D4638B42CE1C6D9E2	0CA9C64361BFC92A79B1DD9CFB9E48EC	good	-	-	1499299380.000000	1499901480.000000
1499342941.728188	FcXLsMVhNFAgfb2rc	sha1	105FA67A80089DB5279F35CE830B43889EA3C70D	0F80611C823161D52F28E78D4638B42CE1C6D9E2	0A28F6FC1B839BA24A241E908F05E622	good	-	-	1499295120.000000	1499897220.000000
1499342941.729398	FYVKFjFFdny5HSKe	sha1	105FA67A80089DB5279F35CE830B43889EA3C70D	0F80611C823161D52F28E78D4638B42CE1C6D9E2	0A28F6FC1B839BA24A241E908F05E622	good	-	-	1499295120.000000	1499897220.000000
1499342941.730209	FdRHgU1H8CIEMDTgb8	sha1	105FA67A80089DB5279F35CE830B43889EA3C70D	0F80611C823161D52F28E78D4638B42CE1C6D9E2	0A28F6FC1B839BA24A241E908F05E622	good	-	-	1499295120.000000	1499897220.000000
1499342941.731001	Fa2otk2cCZiBBoPOqj	sha1	105FA67A80089DB5279F35CE830B43889EA3C70D	0F80611C823161D52F28E78D4638B42CE1C6D9E2	0A28F6FC1B839BA24A241E908F05E622	good	-	-	1499295120.000000	1499897220.000000
1499342945.214630	F0hj614Hkok5uJLxuc	sha1	DFAA12E328B1094193E29F4282CE4740429558A3	B13EC36903F8BF4701D498261A0802EF63642BC3	0B7E10903C38490FFA2F679A87A1A7B9	good	-	-	1499272200.000000	1499877000.000000
1499342945.260679	FVveRp4AStqnmFhP19	sha1	8B232711B2823727ACCF9ECE0AD5A42002A6AA1E	679D0F20090CCC8A3AE582467262FCF1CC90E540	08304B42D738E05D14039D55A29A00C8	good	-	-	1499312640.000000	1499914740.000000
1499342950.708644	Fm6s7l1ZLp8jclmJEf	sha1	105FA67A80089DB5279F35CE830B43889EA3C70D	0F80611C823161D52F28E78D4638B42CE1C6D9E2	0E87C3CD55D57AE973D2952C199DD8BF	good	-	-	1499292720.000000	1499894820.000000
1499342952.764263	FlLuQ04bKELECBypOi	sha1	74241467069FF5E0983F5E3E1A6BA0652A541575	0159ABE7DD3A0B59A66463D6CF200757D591E76A	7E91C21DE50B21746D1978FA4BDEBE48	good	-	-	1498949566.000000	1499554366.000000
1499342966.014737	FXGAsd3Aj2J87EWky4	sha1	26102266B387FB8B911BC6D37B35BCD0081C0074	51AF24269CF468225780262B3B4662157B1ECCA5	5A00041916E8F90B559E3DDB84000100041916	good	-	-	1499244939.000000	1499590539.000000
1499342967.127430	FTv67F1Ao3I2RARHWa	sha1	26102266B387FB8B911BC6D37B35BCD0081C0074	51AF24269CF468225780262B3B4662157B1ECCA5	5A000329B8308F0DB68CCAC88F0001000329B8	good	-	-	1499312218.000000	1499657818.000000
1499342982.183478	FizYN4I0lquCw6Ek8	sha1	26102266B387FB8B911BC6D37B35BCD0081C0074	51AF24269CF468225780262B3B4662157B1ECCA5	5A000817A42B85C2D0DD17072C0000000817A4	good	-	-	1499172436.000000	1499518036.000000
1499342984.022926	F48Gfu29oVghAn9gb	sha1	CEA633847FA2C6D73E768EA031C03953C6868E0A	40096167F0BC83714FDE12082C6FD4D42B763D96	0366E6C8DDC540FDC1F961F69C6B9DF7	good	-	-	1499270422.000000	1499875222.000000
1499342984.235862	FR86msagauSQXTqm8	sha1	105FA67A80089DB5279F35CE830B43889EA3C70D	0F80611C823161D52F28E78D4638B42CE1C6D9E2	0CA9C64361BFC92A79B1DD9CFB9E48EC	good	-	-	1499299380.000000	1499901480.000000
1499342984.236750	FDNvr64ZH8tq7kZo8b	sha1	105FA67A80089DB5279F35CE830B43889EA3C70D	0F80611C823161D52F28E78D4638B42CE1C6D9E2	0CA9C64361BFC92A79B1DD9CFB9E48EC	good	-	-	1499299380.000000	1499901480.000000
1499342984.241518	FkLmyp3RLGTjqu0t09	sha1	105FA67A80089DB5279F35CE830B43889EA3C70D	0F80611C823161D52F28E78D4638B42CE1C6D9E2	0CA9C64361BFC92A79B1DD9CFB9E48EC	good	-	-	1499299380.000000	1499901480.000000
1499342984.242782	FUjO464eLljxEG83Lj	sha1	105FA67A80089DB5279F35CE830B43889EA3C70D	0F80611C823161D52F28E78D4638B42CE1C6D9E2	0CA9C64361BFC92A79B1DD9CFB9E48EC	good	-	-	1499299380.000000	1499901480.000000
1499342984.243609	FOiiiA4dawGc2JJpc7	sha1	105FA67A80089DB5279F35CE830B43889EA3C70D	0F80611C823161D52F28E78D4638B42CE1C6D9E2	0CA9C64361BFC92A79B1DD9CFB9E48EC	good	-	-	1499299380.000000	1499901480.000000
1499342984.588229	Fz2FqT1U3p1ETlc2a1	sha1	F2E06AF9858A1D8D709B4919237AA9B51A287E64	4ADD06161BBCF668B576F581B6BB621ABA5A812F	72991529F4C971AA	good	-	-	1499284673.000000	1499889473.000000
1499342984.644295	FnwPo6tb3gaOaGRxi	sha1	B18B0B019753072C7437D29DB3E18DA36CCE57E0	D26FF796F4853F723C307D23DA85789BA37C5A7C	274923A76F0F514BA9F0778DC91C959C	good	-	-	1499245039.000000	1499849839.000000
1499342985.241147	FrFvKg1Uv4S2x4z2xk	sha1	F2E06AF9858A1D8D709B4919237AA9B51A287E64	4ADD06161BBCF668B576F581B6BB621ABA5A812F	34D2F03BCDEE932C	good	-	-	1499284719.000000	1499889519.000000
1499342985.481063	FgIACS3U42SbOv8I3a	sha1	AA2B0314AF642E130ED69225E3FF2ABAD73D6230	DECF5C50B7AE021F1517AA16E80DB5289D6A5AF3	7BE9BDB911DDE2B8F5BC0E4903F838B9	good	-	-	1499018261.000000	1499623061.000000
1499342985.498626	FgySOb2BrWki62XPgf	sha1	AA2B0314AF642E130ED69225E3FF2ABAD73D6230	DECF5C50B7AE021F1517AA16E80DB5289D6A5AF3	7BE9BDB911DDE2B8F5BC0E4903F838B9	good	-	-	1499018261.000000	1499623061.000000
1499343012.115139	FXKeRT3Ze4IYgExQ4e	sha1	F7C4BE0B40B5C344333D3FAEB94D6E38DAFAEC51	45EBA2AFF492CB82312D518BA7A7219DF36DC80F	0409181B5FD5BB66755343B56F955008	good	-	-	1499272200.000000	1499877000.000000
1499343012.181720	F1vAFU2zxwO44Tkym5	sha1	A7478168C4B2E423BBE4BEC50816566DFA5187DE	5AC4B97B2A0AA3A5EA7103C060F92DF665750E58	09E65AD807B8497B0749D41568D626D0	good	-	-	1499305800.000000	1499907900.000000
1499343020.606291	FBlimG2oeN88VZQ5k5	sha1	0BA882A3E868B9B611DAA8A0B510253D697B0245	9AF32BDACFAD4FB62FBB2A48482A12B71B42C124	E370D3D8D1C8AE13EC3E95F3DD9F0155	good	-	-	1499022835.000000	1499627635.000000
1499343020.606331	FK3CrI1VjGl7I0codd	sha1	0BA882A3E868B9B611DAA8A0B510253D697B0245	9AF32BDACFAD4FB62FBB2A48482A12B71B42C124	E370D3D8D1C8AE13EC3E95F3DD9F0155	good	-	-	1499022835.000000	1499627635.000000
1499343029.164278	FDDJXaNlS61VD7Rb5	sha1	0BA882A3E868B9B611DAA8A0B510253D697B0245	9AF32BDACFAD4FB62FBB2A48482A12B71B42C124	E1C5526182F8CA1B70CEF47CA512CEB0	good	-	-	1499274135.000000	1499878935.000000
1499343029.920960	FyON37I0F3x8EUhLb	sha1	0BA882A3E868B9B611DAA8A0B510253D697B0245	9AF32BDACFAD4FB62FBB2A48482A12B71B42C124	2B7C57BB4CB0528DE70BA2BF239DC331	good	-	-	1499159090.000000	1499763890.000000
1499343030.220502	FkX3bC26zHt73hEAPh	sha1	F2E06AF9858A1D8D709B4919237AA9B51A287E64	4ADD06161BBCF668B576F581B6BB621ABA5A812F	72991529F4C971AA	good	-	-	1499284673.000000	1499889473.000000
1499343031.894415	FUtMR20Yw7ch5rOij	sha1	F2E06AF9858A1D8D709B4919237AA9B51A287E64	4ADD06161BBCF668B576F581B6BB621ABA5A812F	34D2F03BCDEE932C	good	-	-	1499284719.000000	1499889519.000000
1499343031.943752	F7SnYCHz97OSjEYIk	sha1	CF26F518FAC97E8F8CB342E01C2F6A109E8E5F0A	5168FF90AF0207753CCCD9656462A212B859723B	06550487607827E2CEEC36BF69413E0C	good	-	-	1499297760.000000	1499899860.000000
1499343032.160991	FUJ7hYWiKnGGINIk4	sha1	CF26F518FAC97E8F8CB342E01C2F6A109E8E5F0A	5168FF90AF0207753CCCD9656462A212B859723B	0C0099B7D789C9F66626317EBCEA7C1C	good	-	-	1499299140.000000	1499901240.000000
1499343032.166368	FgyP851GwmsuYm2Pg3	sha1	F2E06AF9858A1D8D709B4919237AA9B51A287E64	4ADD06161BBCF668B576F581B6BB621ABA5A812F	58460C847F5451B8	good	-	-	1499284625.000000	1499889425.000000
1499343032.372349	Flf55t1RaZSWViBwr	sha1	CF26F518FAC97E8F8CB342E01C2F6A109E8E5F0A	5168FF90AF0207753CCCD9656462A212B859723B	04C7DD9F45AE7F863C4E2ADB006C9D64	good	-	-	1499293800.000000	1499895900.000000
1499343032.728986	FClqIU33JH49mqPBFa	sha1	105FA67A80089DB5279F35CE830B43889EA3C70D	0F80611C823161D52F28E78D4638B42CE1C6D9E2	0D39357A051B9B6B4CD5A4B42DF44B60	good	-	-	1499303100.000000	1499905200.000000
1499343032.927599	F8doVoyntKNK05SWa	sha1	F2E06AF9858A1D8D709B4919237AA9B51A287E64	4ADD06161BBCF668B576F581B6BB621ABA5A812F	2B616C5111FFBF7D	good	-	-	1499284640.000000	1499889440.000000
1499343033.197025	F3Ejyh3wFyIgHISmFa	sha1	F2E06AF9858A1D8D709B4919237AA9B51A287E64	4ADD06161BBCF668B576F581B6BB621ABA5A812F	682B4289B2FA4F14	good	-	-	1499263139.000000	1499867939.000000
1499343033.419424	FwGVix1BgOrznTyAnl	sha1	F2E06AF9858A1D8D709B4919237AA9B51A287E64	4ADD06161BBCF668B576F581B6BB621ABA5A812F	0CC5FF9E7F901B22	good	-	-	1499284642.000000	1499889442.000000
1499343035.870982	F8x53827rpNFgIpZpd	sha1	F2E06AF9858A1D8D709B4919237AA9B51A287E64	4ADD06161BBCF668B576F581B6BB621ABA5A812F	42B54FE8EE1CBBD8	good	-	-	1499284619.000000	1499889419.000000
1499343059.107598	FAV0oU1UM2AvJhnPUb	sha1	105FA67A80089DB5279F35CE830B43889EA3C70D	0F80611C823161D52F28E78D4638B42CE1C6D9E2	0128924CEB0193C4ADFCAF4F570BD947	good	-	-	1499300220.000000	1499902320.000000
1499343059.267999	FWaxcb1ebpc8pAnvka	sha1	105FA67A80089DB5279F35CE830B43889EA3C70D	0F80611C823161D52F28E78D4638B42CE1C6D9E2	0E87C3CD55D57AE973D2952C199DD8BF	good	-	-	1499314320.000000	1499916420.000000
1499343059.292710	FKlSFa1Blygwmr49E9	sha1	105FA67A80089DB5279F35CE830B43889EA3C70D	0F80611C823161D52F28E78D4638B42CE1C6D9E2	0E87C3CD55D57AE973D2952C199DD8BF	good	-	-	1499314320.000000	1499916420.000000
1499343059.914795	Fmogvk1zmLqLF2AQab	sha1	105FA67A80089DB5279F35CE830B43889EA3C70D	0F80611C823161D52F28E78D4638B42CE1C6D9E2	0CA9C64361BFC92A79B1DD9CFB9E48EC	good	-	-	1499299380.000000	1499901480.000000
1499343067.472153	FW9nIv2OAcWcGhDTC1	sha1	CF26F518FAC97E8F8CB342E01C2F6A109E8E5F0A	5168FF90AF0207753CCCD9656462A212B859723B	0153CC65F425166F05073C53D64D17AC	good	-	-	1499300340.000000	1499902440.000000
1499343067.523252	FDGSOq3qr5kRGFekdh	sha1	CF26F518FAC97E8F8CB342E01C2F6A109E8E5F0A	5168FF90AF0207753CCCD9656462A212B859723B	0733F1A4ADC8461C0C1A162A8F7F7004	good	-	-	1499301600.000000	1499903700.000000
1499343067.841286	Fg032BMKoywLPCSn1	sha1	D1B1648B8C9F0DD16BA38ACD2B5017D5F9CFC064	5F60CF619055DF8443148A602AB2F57AF44318EF	7BCCAD9F74B22965FFEBFCD29B259EBE	good	-	-	1499215348.000000	1499820148.000000
1499343067.845222	Fc5Xu6AOiDrakO5ua	sha1	CEA633847FA2C6D73E768EA031C03953C6868E0A	40096167F0BC83714FDE12082C6FD4D42B763D96	B88241FFF7543966CA338B647545BFD2	good	-	-	1498899554.000000	1499504354.000000
1499343068.204016	FRjvAG2hzuCSfN9Oy8	sha1	CEA633847FA2C6D73E768EA031C03953C6868E0A	40096167F0BC83714FDE12082C6FD4D42B763D96	B88241FFF7543966CA338B647545BFD2	good	-	-	1498899554.000000	1499504354.000000
1499343068.527253	FRynB033n93MqgwyB2	sha1	CEA633847FA2C6D73E768EA031C03953C6868E0A	40096167F0BC83714FDE12082C6FD4D42B763D96	90518DB4403FB461DB8C11214111B857	good	-	-	1498837903.000000	1499442703.000000
1499343071.602776	Fd6GL21XlRSlWgryg6	sha1	F2E06AF9858A1D8D709B4919237AA9B51A287E64	4ADD06161BBCF668B576F581B6BB621ABA5A812F	58460C847F5451B8	good	-	-	1499284625.000000	1499889425.000000
1499343071.778459	F5Uwce3sFzhminEDH1	sha1	CF26F518FAC97E8F8CB342E01C2F6A109E8E5F0A	5168FF90AF0207753CCCD9656462A212B859723B	044C71FF9E2B2C3A3A7D037EA164B03B	good	-	-	1499293680.000000	1499895780.000000
1499343071.828363	FsBxLiuWgYhmi3k06	sha1	CF26F518FAC97E8F8CB342E01C2F6A109E8E5F0A	5168FF90AF0207753CCCD9656462A212B859723B	06550487607827E2CEEC36BF69413E0C	good	-	-	1499297760.000000	1499899860.000000
1499343071.832095	F14jxk4DgYx0y4fQ	sha1	B6080D5F6C6B76EB13E438A5F8660BA85233344E	40C2BD278ECC348330A233D7FB6CB3F0B42C80CE	DBEA4AEAF94ADE87	good	-	-	1499319431.000000	1499449031.000000
1499343071.853890	FpwOK32Kg6vlLWvg0l	sha1	CF26F518FAC97E8F8CB342E01C2F6A109E8E5F0A	5168FF90AF0207753CCCD9656462A212B859723B	06550487607827E2CEEC36BF69413E0C	good	-	-	1499297760.000000	1499899860.000000
1499343071.854355	FdsEgz4WfIBifXJvM8	sha1	CF26F518FAC97E8F8CB342E01C2F6A109E8E5F0A	5168FF90AF0207753CCCD9656462A212B859723B	01C12D6C4C843BC4B2915313C17A8909	good	-	-	1499300580.000000	1499902680.000000
1499343071.854361	FoPZZG2tcsHw2NA1sg	sha1	49F4BD8A18BF760698C5DE402D683B716AE4E686	3DD350A5D6A0ADEEF34A600A65D321D4F8F8D60F	0C59A98CBEE0B63A5649CBCC4B572D18	good	-	-	1499299260.000000	1499901360.000000
1499343071.866286	FXuJ51bRbKTbmsQwj	sha1	CF26F518FAC97E8F8CB342E01C2F6A109E8E5F0A	5168FF90AF0207753CCCD9656462A212B859723B	0CADB3BF450222301E8FDF4C452FA6C8	good	-	-	1499299380.000000	1499901480.000000
1499343072.082933	FUSFGb3efBB8lHSAU7	sha1	CF26F518FAC97E8F8CB342E01C2F6A109E8E5F0A	5168FF90AF0207753CCCD9656462A212B859723B	011E010720EE6EAA9D06ED6B99191996	good	-	-	1499300160.000000	1499902260.000000
1499343072.294147	F4aRx91HwIKSsVvhC3	sha1	105FA67A80089DB5279F35CE830B43889EA3C70D	0F80611C823161D52F28E78D4638B42CE1C6D9E2	0AF507E435DBEDC043149CA8AEDCAEC4	good	-	-	1499295240.000000	1499897340.000000
1499343072.326333	FaSG2KZnJo1pnFBf5	sha1	F2E06AF9858A1D8D709B4919237AA9B51A287E64	4ADD06161BBCF668B576F581B6BB621ABA5A812F	682B4289B2FA4F14	good	-	-	1499263139.000000	1499867939.000000
1499343072.500294	FnHZ731NRrU0m4WoZ6	sha1	7D14CA1E3E08269E1A333D0E0E6FF31361215EEA	25F08AE14B7AD901950AEDC653F18C781FD9F3F8	013D42A6085ED7B433B68250BFD83668	good	-	-	1499238150.000000	1499842950.000000
1499343072.844253	FUmfqa1pyV4K1wuxlb	sha1	105FA67A80089DB5279F35CE830B43889EA3C70D	0F80611C823161D52F28E78D4638B42CE1C6D9E2	041A0C5C89DF611CC5A438DA43753464	good	-	-	1499293620.000000	1499895720.000000
1499343073.561343	FXHiCs1gyeUEtjYYg7	sha1	CF26F518FAC97E8F8CB342E01C2F6A109E8E5F0A	5168FF90AF0207753CCCD9656462A212B859723B	0E58582BC8D507E80ECD8D12337B75D9	good	-	-	1499292660.000000	1499894760.000000
1499343124.627500	F2ooFRyxRdcMa59Tk	sha1	F2E06AF9858A1D8D709B4919237AA9B51A287E64	4ADD06161BBCF668B576F581B6BB621ABA5A812F	0CC5FF9E7F901B22	good	-	-	1499284642.000000	1499889442.000000
1499343128.135311	F9aDv71Inw9aPNzv62	sha1	105FA67A80089DB5279F35CE830B43889EA3C70D	0F80611C823161D52F28E78D4638B42CE1C6D9E2	053595DDC488E3BD2185316C9E024A57	good	-	-	1499308320.000000	1499910420.000000
1499343147.773324	FnClK82DW01wEHDiEe	sha1	105FA67A80089DB5279F35CE830B43889EA3C70D	0F80611C823161D52F28E78D4638B42CE1C6D9E2	0FD77F9855BA9DE8B1A99200AF4719FD	good	-	-	1499307300.000000	1499909400.000000
1499343149.759683	FGlkcG25KLZeCvr7e1	sha1	105FA67A80089DB5279F35CE830B43889EA3C70D	0F80611C823161D52F28E78D4638B42CE1C6D9E2	041A0C5C89DF611CC5A438DA43753464	good	-	-	1499293620.000000	1499895720.000000
#close	2023-04-27-22-14-18
